<?xml version="1.0" encoding="UTF-8"?>
<testng-results ignored="0" total="1" passed="1" failed="0" skipped="0">
  <reporter-output>
  </reporter-output>
  <suite started-at="2022-03-29T09:53:47Z" name="Default suite" finished-at="2022-03-29T09:53:57Z" duration-ms="10242">
    <groups>
    </groups>
    <test started-at="2022-03-29T09:53:47Z" name="Default test" finished-at="2022-03-29T09:53:57Z" duration-ms="10242">
      <class name="switches.AlertHandling">
        <test-method is-config="true" signature="beforeMethod()[pri:0, instance:switches.AlertHandling@710636b0]" started-at="2022-03-29T09:53:47Z" name="beforeMethod" finished-at="2022-03-29T09:53:52Z" duration-ms="4975" status="PASS">
          <reporter-output>
          </reporter-output>
        </test-method> <!-- beforeMethod -->
        <test-method signature="f()[pri:0, instance:switches.AlertHandling@710636b0]" started-at="2022-03-29T09:53:52Z" name="f" finished-at="2022-03-29T09:53:57Z" duration-ms="5249" status="PASS">
          <reporter-output>
          </reporter-output>
        </test-method> <!-- f -->
        <test-method is-config="true" signature="afterMethod()[pri:0, instance:switches.AlertHandling@710636b0]" started-at="2022-03-29T09:53:57Z" name="afterMethod" finished-at="2022-03-29T09:53:57Z" duration-ms="1" status="PASS">
          <reporter-output>
          </reporter-output>
        </test-method> <!-- afterMethod -->
      </class> <!-- switches.AlertHandling -->
    </test> <!-- Default test -->
  </suite> <!-- Default suite -->
</testng-results>
