<?xml version="1.0" encoding="UTF-8"?>
<testng-results ignored="0" total="1" passed="1" failed="0" skipped="0">
  <reporter-output>
  </reporter-output>
  <suite started-at="2022-03-26T10:39:13Z" name="Default suite" finished-at="2022-03-26T10:39:19Z" duration-ms="5452">
    <groups>
    </groups>
    <test started-at="2022-03-26T10:39:13Z" name="Default test" finished-at="2022-03-26T10:39:19Z" duration-ms="5452">
      <class name="pageObjectModel.POM_001">
        <test-method is-config="true" signature="beforeMethod()[pri:0, instance:pageObjectModel.POM_001@6a8658ff]" started-at="2022-03-26T10:39:13Z" name="beforeMethod" finished-at="2022-03-26T10:39:19Z" duration-ms="5132" status="PASS">
          <reporter-output>
          </reporter-output>
        </test-method> <!-- beforeMethod -->
        <test-method signature="f()[pri:0, instance:pageObjectModel.POM_001@6a8658ff]" started-at="2022-03-26T10:39:19Z" name="f" finished-at="2022-03-26T10:39:19Z" duration-ms="290" status="PASS">
          <reporter-output>
          </reporter-output>
        </test-method> <!-- f -->
        <test-method is-config="true" signature="afterMethod()[pri:0, instance:pageObjectModel.POM_001@6a8658ff]" started-at="2022-03-26T10:39:19Z" name="afterMethod" finished-at="2022-03-26T10:39:19Z" duration-ms="1" status="PASS">
          <reporter-output>
          </reporter-output>
        </test-method> <!-- afterMethod -->
      </class> <!-- pageObjectModel.POM_001 -->
    </test> <!-- Default test -->
  </suite> <!-- Default suite -->
</testng-results>
