<?xml version="1.0" encoding="UTF-8"?>
<testng-results ignored="0" total="1" passed="1" failed="0" skipped="0">
  <reporter-output>
  </reporter-output>
  <suite started-at="2022-03-25T19:03:37 IST" name="MySuite" finished-at="2022-03-25T19:03:37 IST" duration-ms="31">
    <groups>
    </groups>
    <test started-at="2022-03-25T19:03:37 IST" name="Login Test" finished-at="2022-03-25T19:03:37 IST" duration-ms="31">
      <class name="com.testCases.Login">
        <test-method signature="login()[pri:0, instance:com.testCases.Login@490ab905]" started-at="2022-03-25T19:03:37 IST" name="login" finished-at="2022-03-25T19:03:37 IST" duration-ms="3" status="PASS">
          <reporter-output>
          </reporter-output>
        </test-method> <!-- login -->
      </class> <!-- com.testCases.Login -->
    </test> <!-- Login Test -->
  </suite> <!-- MySuite -->
</testng-results>
